d:\amirul\year 4 sem 1\power train\project power train revision\examples\example_win32_directx9\release\vc142.pdb
d:\amirul\year 4 sem 1\power train\project power train revision\examples\example_win32_directx9\release\main.obj
d:\amirul\year 4 sem 1\power train\project power train revision\examples\example_win32_directx9\release\implot_items.obj
d:\amirul\year 4 sem 1\power train\project power train revision\examples\example_win32_directx9\release\implot_demo.obj
d:\amirul\year 4 sem 1\power train\project power train revision\examples\example_win32_directx9\release\implot.obj
d:\amirul\year 4 sem 1\power train\project power train revision\examples\example_win32_directx9\release\backup.obj
d:\amirul\year 4 sem 1\power train\project power train revision\examples\example_win32_directx9\release\application.obj
d:\amirul\year 4 sem 1\power train\project power train revision\examples\example_win32_directx9\release\imgui_impl_win32.obj
d:\amirul\year 4 sem 1\power train\project power train revision\examples\example_win32_directx9\release\imgui_impl_dx9.obj
d:\amirul\year 4 sem 1\power train\project power train revision\examples\example_win32_directx9\release\imgui_widgets.obj
d:\amirul\year 4 sem 1\power train\project power train revision\examples\example_win32_directx9\release\imgui_tables.obj
d:\amirul\year 4 sem 1\power train\project power train revision\examples\example_win32_directx9\release\imgui_draw.obj
d:\amirul\year 4 sem 1\power train\project power train revision\examples\example_win32_directx9\release\imgui_demo.obj
d:\amirul\year 4 sem 1\power train\project power train revision\examples\example_win32_directx9\release\imgui.obj
d:\amirul\year 4 sem 1\power train\project power train revision\examples\example_win32_directx9\release\example_win32_directx9.ipdb
d:\amirul\year 4 sem 1\power train\project power train revision\examples\example_win32_directx9\release\example_win32_directx9.iobj
d:\amirul\year 4 sem 1\power train\project power train revision\examples\example_win32_directx9\release\example_win32_directx9.exe
d:\amirul\year 4 sem 1\power train\project power train revision\examples\example_win32_directx9\release\example_win32_directx9.pdb
d:\amirul\year 4 sem 1\power train\project power train revision\examples\example_win32_directx9\release\example_.4165a294.tlog\cl.command.1.tlog
d:\amirul\year 4 sem 1\power train\project power train revision\examples\example_win32_directx9\release\example_.4165a294.tlog\cl.read.1.tlog
d:\amirul\year 4 sem 1\power train\project power train revision\examples\example_win32_directx9\release\example_.4165a294.tlog\cl.write.1.tlog
d:\amirul\year 4 sem 1\power train\project power train revision\examples\example_win32_directx9\release\example_.4165a294.tlog\example_win32_directx9.write.1u.tlog
d:\amirul\year 4 sem 1\power train\project power train revision\examples\example_win32_directx9\release\example_.4165a294.tlog\link.command.1.tlog
d:\amirul\year 4 sem 1\power train\project power train revision\examples\example_win32_directx9\release\example_.4165a294.tlog\link.read.1.tlog
d:\amirul\year 4 sem 1\power train\project power train revision\examples\example_win32_directx9\release\example_.4165a294.tlog\link.write.1.tlog
